*PADS-PCB*
*PART*
C1     SMD-0805C
C2     SMD-0805C
C3     SMD-0805C
C4     L18_W8.5_H15_P15
C5     L18_W8.5_H15_P15
C6     L18_W8.5_H15_P15
C7     WCAP-ATUL_16x25
C8     WCAP-ATUL_16x25
C9     WCAP-ATUL_16x25
C10    WCAP-ATUL_16x25
C11    WCAP-ATUL_16x25
C12    WCAP-ATUL_16x25
C13    SMD-0805C
C14    SMD-0805C
C15    SMD-0805C
C16    SMD-0805C
C17    SMD-0805C
C18    SMD-0805C
C19    WCAP-ATUL_10x25
C20    WCAP-ATUL_10x25
C21    SMD-1210C
C22    SMD-1206C
C23    SMD-0805C
C24    SMD-0805C
C25    SMD-0805C
C26    SMD-0805C
C27    WCAP-ASLL_8x10.5
C28    WCAP-ASLL_8x10.5
C29    SMD-1210C
C30    SMD-1206C
C31    SMD-1206C
C32    SMD-0805C
C33    SMD-0805C
C34    SMD-0805C
C35    SMD-0805C
C36    SMD-0805C
C37    SMD-0805C
C38    SMD-0603C
C39    WCAP-ASLL_6.3x5.5
C40    SMD-0805C
C41    SMD-0805C
C42    SMD-0805C
C43    WCAP-ASLL_6.3x5.5
C44    WCAP-ASLL_6.3x5.5
C45    SMD-0603C
C46    WCAP-ASLU_8x6.5
C47    SMD-0805C
C48    SMD-0805C
C49    SMD-1206C
C50    SMD-0805C
C51    SMD-0805C
C52    SMD-1206C
C53    SMD-1206C
C54    SMD-0805C
C55    SMD-0805C
C56    SMD-0603C
C57    SMD-0805C
C58    SMD-1206C
C59    SMD-0805C
C60    SMD-1206C
C61    SMD-0805C
C62    SMD-1206C
C63    SMD-1206C
C64    SMD-0805C
C65    SMD-1206C
C66    SMD-0805C
C67    SMD-0805C
C68    SMD-0805C
C69    SMD-0603C
C70    SMD-0805C
C71    SMD-1206C
C72    SMD-0805C
C73    SMD-1206C
C74    SMD-0805C
C75    SMD-1206C
C76    SMD-1206C
C77    SMD-0805C
C78    SMD-1206C
C79    SMD-0805C
C80    SMD-0805C
C81    SMD-0805C
C82    SMD-0603C
C83    SMD-0805C
C84    SMD-1206C
C85    SMD-0805C
C86    SMD-1206C
C87    SMD-0805C
C88    SMD-0603C
C89    SMD-0805C
C90    SMD-1206C
C91    SMD-0603C
C92    SMD-0805C
C93    SMD-1206C
C94    SMD-0603C
C95    SMD-0805C
C96    SMD-1206C
C97    SMD-0805C
C98    SMD-0805C
C99    SMD-0805C
C100   SMD-0805C
C101   SMD-0805C
C102   SMD-0805C
C103   SMD-0805C
C104   SMD-0805C
C105   SMD-0805C
C106   SMD-0603C
C107   SMD-0603C
C108   SMD-0603C
C109   SMD-0603C
C110   SMD-0805C
C111   SMD-0805C
C112   SMD-0805C
C113   SMD-0603C
C114   SMD-0805C
C115   SMD-0603C
D1     FP-SOD-523-MFG
D2     FP-SOD-523-MFG
D3     FP-SOD-523-MFG
D4     FP-SOD-523-MFG
D5     FP-SOD-523-MFG
D6     FP-SOD-523-MFG
D7     FP-SOD-523-MFG
D8     FP-SOD-523-MFG
D9     FP-SOD-523-MFG
D10    FP-SOD-523-MFG
D11    FP-SOD-523-MFG
D12    FP-SOD-523-MFG
D13    FP-SOD-523-MFG
D14    FP-SOD-523-MFG
D15    FP-SOD-523-MFG
D16    FP-SOD-523-MFG
D17    FP-SOD-523-MFG
D18    FP-SOD-523-MFG
D19    FP-SOD-523-MFG
D20    FP-SMB-MFG
D21    FP-SMB-MFG
D22    FP-SMB-MFG
D23    DIOD-SMC-2_V
D24    FP-SOD-523-MFG
D25    FP-SOD-523-MFG
D26    FP-SOD-523-MFG
J1     61301011121
J2     61304021821
J3     61300811121
J4     61304021821
J5     61300611121
J6     61300811121
J7     61300311121
J8     61300211121
J9     61300511821
J10    61300511821
L1     SRR1260
L2     Inductor 25mm
LED1   0805_A
LED2   0805_A
LED3   0805_A
LED4   0805_A
P1     61900311121
P2     61900211121
P3     61900311121
Q1     TO-220-3_Horizontal_TabUp
Q2     TO-220-3_Horizontal_TabUp
Q3     TO-220-3_Horizontal_TabUp
Q4     TO-220-3_Horizontal_TabUp
Q5     TO-220-3_Horizontal_TabUp
Q6     TO-220-3_Horizontal_TabUp
Q7     TO-220-3_Horizontal_TabUp
Q8     TO-220-3_Horizontal_TabUp
Q9     TO-220-3_Horizontal_TabUp
Q10    TO-220-3_Horizontal_TabUp
Q11    TO-220-3_Horizontal_TabUp
Q12    TO-220-3_Horizontal_TabUp
Q13    FP-418AJ-MFG
Q14    FP-418AJ-MFG
Q15    FP-SOT23-MFG
Q16    FP-SOT23-MFG
Q17    FP-SOT23-MFG
R1     SMD-0805-RES
R2     SMD-0805-RES
R3     SMD-0805-RES
R4     SMD-0805-RES
R5     SMD-0805-RES
R6     SMD-0805-RES
R7     SMD-0805-RES
R8     SMD-0805-RES
R9     SMD-0805-RES
R10    SMD-0805-RES
R11    SMD-0805-RES
R12    SMD-0805-RES
R13    SMD-0805-RES
R14    SMD-0805-RES
R15    SMD-0805-RES
R16    SMD-0805-RES
R17    SMD-0805-RES
R18    SMD-0805-RES
R19    SMD-0805-RES
R20    SMD-0805-RES
R21    SMD-0805-RES
R22    SMD-0805-RES
R23    SMD-0805-RES
R24    SMD-0805-RES
R25    SMD-0805-RES
R26    SMD-0805-RES
R27    SMD-0805-RES
R28    SMD-0805-RES
R29    SMD-0805-RES
R30    SMD-0805-RES
R31    SMD-0805-RES
R32    SMD-0805-RES
R33    SMD-0805-RES
R34    SMD-0805-RES
R35    SMD-0805-RES
R36    SMD-0805-RES
R37    SMD-0805-RES
R38    SMD-0805-RES
R39    SMD-0805-RES
R40    SMD-2512-RES
R41    SMD-2512-RES
R42    SMD-2512-RES
R43    SMD-0805-RES
R44    SMD-0805-RES
R45    SMD-0805-RES
R46    SMD-0805-RES
R47    SMD-0805-RES
R48    SMD-1206-RES
R49    SMD-1206-RES
R50    SMD-1206-RES
R51    SMD-0805-RES
R52    SMD-0805-RES
R53    SMD-0805-RES
R54    SMD-0805-RES
R55    SMD-0805-RES
R56    SMD-0805-RES
R57    SMD-0805-RES
R58    SMD-0805-RES
R59    SMD-0805-RES
R60    SMD-0805-RES
R61    SMD-0805-RES
R62    SMD-0805-RES
R63    SMD-0805-RES
R64    SMD-0805-RES
R65    SMD-0805-RES
R66    SMD-0805-RES
R67    SMD-0805-RES
R68    SMD-0805-RES
R69    SMD-0603-RES
R70    SMD-0603-RES
R71    SMD-0603-RES
R72    SMD-0603-RES
R73    SMD-0603-RES
R74    SMD-0603-RES
R75    SMD-0603-RES
R76    SMD-0603-RES
R77    SMD-0603-RES
R78    SMD-0805-RES
R79    SMD-0805-RES
R80    SMD-0805-RES
R81    SMD-0805-RES
R82    SMD-0805-RES
R83    SMD-0805-RES
R84    SMD-0805-RES
R85    SMD-0805-RES
R86    SMD-0805-RES
R87    SMD-0805-RES
R88    SMD-0805-RES
R89    SMD-0805-RES
R90    SMD-0805-RES
R91    SMD-0805-RES
R92    SMD-0805-RES
R93    SMD-0603-RES
R94    SMD-0603-RES
R95    SMD-0603-RES
R96    SMD-0603-RES
R97    SMD-0603-RES
R98    SMD-0603-RES
R99    SMD-0603-RES
R100   SMD-0603-RES
R101   SMD-0603-RES
R102   SMD-0603-RES
R103   SMD-0603-RES
R104   SMD-0603-RES
R105   SMD-0603-RES
R106   SMD-0603-RES
R107   SMD-0603-RES
R108   SMD-0603-RES
R109   SMD-0603-RES
R110   SMD-0603-RES
R111   SMD-0603-RES
R112   SMD-0603-RES
R113   SMD-0603-RES
R114   SMD-0603-RES
R115   SMD-0603-RES
R116   SMD-0603-RES
R117   SMD-0603-RES
R118   SMD-0603-RES
R119   SMD-0603-RES
R120   SMD-0603-RES
R121   SMD-0603-RES
R122   SMD-0603-RES
R123   SMD-0603-RES
R124   SMD-0603-RES
R125   SMD-0603-RES
R126   SMD-0603-RES
R127   SMD-0603-RES
R128   SMD-0603-RES
R129   SMD-0603-RES
R130   SMD-0603-RES
R131   SMD-0603-RES
R132   SMD-0603-RES
R133   SMD-0603-RES
R134   SMD-0603-RES
R135   SMD-0603-RES
R136   SMD-0603-RES
R137   SMD-0603-RES
R138   SMD-0603-RES
R139   SMD-0603-RES
R140   SMD-0603-RES
R141   SMD-0603-RES
R142   SMD-0603-RES
R143   SMD-0603-RES
R144   SMD-0603-RES
R145   SMD-0603-RES
R146   SMD-0603-RES
R147   SMD-0603-RES
R148   SMD-0603-RES
R149   SMD-0603-RES
R150   SMD-0603-RES
R151   SMD-0603-RES
R152   SMD-0603-RES
R153   SMD-0603-RES
R154   SMD-0603-RES
R155   SMD-0603-RES
R156   SMD-0603-RES
R157   SMD-0603-RES
R158   SMD-0603-RES
R159   SMD-0603-RES
R160   SMD-0603-RES
R161   SMD-0603-RES
R162   SMD-0603-RES
R163   SMD-0603-RES
R165   SMD-0603-RES
R166   SMD-0603-RES
R167   SMD-0603-RES
R168   SMD-0603-RES
R169   SMD-0603-RES
R170   SMD-0603-RES
RJ1    SHORT06-FP
RJ2    SHORT06-FP
RJ3    SHORT06-FP
RJ4    SHORT06-FP
RJ5    SHORT06-FP
RJ6    SHORT06-FP
RJ7    SHORT06-FP
RJ8    SHORT06-FP
RJ9    SHORT06-FP
RJ10   SHORT06-FP
RJ11   SHORT06-FP
RJ12   SHORT06-FP
RJ13   SHORT06-FP
RJ14   SHORT06-FP
RJ15   SHORT06-FP
SB1    SB_0603
SB2    SB_0603
SB3    SB_0603
SB4    SB_0603
SB5    SB_0603
SB6    SB_0603
SB7    SB_0603
SB8    SB_0603
SB9    SB_0603
SB10   Solder Bridge - HP
SB11   Solder Bridge - HP
SB12   Solder Bridge - HP
SB13   Solder Bridge - HP
SB14   0805-Solder Bridge
SB15   Solder Bridge - HP - SQ
SB16   Solder Bridge - HP - SQ
SB17   Solder Bridge - HP - SQ
SB18   Solder Bridge - HP - SQ
SB19   Solder Bridge - HP - SQ
SB20   Solder Bridge - HP - SQ
SB21   Solder Bridge - HP - SQ
SB22   Solder Bridge - HP - SQ
T1     RM6-N87-SS
T2     Tab
T3     Tab
T4     Tab
TP1    Test_point_THT
TP2    Test_point_THT
TP3    Test_point_THT
TP4    Test_point_THT
TP5    Test_point_THT
TP6    Test_point_THT
TP7    Test_point_THT
TP8    Test_point_THT
TP9    Test_point_SMD
TP10   Test_point_SMD
TP11   Test_point_THT
TP12   Test_point_THT
TP13   Test_point_SMD
TP14   Test_point_SMD
TP15   Test_point_SMD
TP16   Test_point_SMD
TP17   Test_point_THT
TP18   Test_point_SMD
TP19   Test_point_SMD
TP20   Test_point_THT
TP21   Test_point_THT
TP22   Test_point_SMD
TP23   Test_point_SMD
TP24   Test_point_SMD
TP25   Test_point_SMD
TP26   Test_point_THT
TP27   Test_point_SMD
TP28   Test_point_SMD
TP29   Test_point_THT
TP30   Test_point_THT
TP31   Test_point_SMD
TP32   Test_point_SMD
TP33   Test_point_SMD
TP34   Test_point_SMD
TP35   Test_point_THT
TP36   Test_point_THT
TP37   Test_point_THT
TP38   Test_point_SMD
TP39   Test_point_THT
TP40   Test_point_SMD
TP41   Test_point_THT
TP42   Test_point_THT
TP43   Test_point_THT
TP44   Test_point_THT
TP45   Test_point_THT
TP46   Test_point_SMD
TP47   Test_point_THT
TP48   Test_point_SMD
TP49   Test_point_THT
TP50   Test_point_THT
TP51   Test_point_THT
TP52   Test_point_THT
TP53   Test_point_THT
TP54   Test_point_SMD
TP55   Test_point_THT
TP56   Test_point_SMD
TP57   Test_point_THT
TP58   Test_point_THT
TP59   Test_point_THT
TP60   Test_point_THT
U1     QFN50P350X450X100_HS-21N
U2     SOIC127P570X175_HS-9N
U3     SOIC127P570X175_HS-9N
U4     SOIC127P570X175_HS-9N
U5     TSSOP50P490X110-10N
U6     TSSOP50P490X110-10N
U7     TSSOP50P490X110-10N
U8     SOT95P278X110-6N
U9     DBV0005A_N
U10    DBV0005A_N
U11    DBV0005A_N
U12    DBV0005A_N
*END*
